TN:
SF:D:\lax\git\jest_basics\ES6_Class\sound-player-consumer.js
FN:4,(anonymous_0)
FN:8,(anonymous_1)
FNF:2
FNH:2
FNDA:2,(anonymous_0)
FNDA:1,(anonymous_1)
DA:1,1
DA:5,2
DA:9,1
DA:10,1
DA:14,1
LF:5
LH:5
BRF:0
BRH:0
end_of_record
TN:
SF:D:\lax\git\jest_basics\ES6_Class\sound-player.js
FN:2,(anonymous_0)
FN:6,(anonymous_1)
FNF:2
FNH:0
FNDA:0,(anonymous_0)
FNDA:0,(anonymous_1)
DA:3,0
DA:7,0
DA:11,1
LF:3
LH:1
BRF:0
BRH:0
end_of_record
TN:
SF:D:\lax\git\jest_basics\async_await\async_await.js
FN:2,(anonymous_0)
FN:11,(anonymous_1)
FN:12,(anonymous_2)
FNF:3
FNH:3
FNDA:2,(anonymous_0)
FNDA:2,(anonymous_1)
FNDA:2,(anonymous_2)
DA:1,1
DA:3,2
DA:4,2
DA:5,1
DA:7,1
DA:12,2
DA:13,2
DA:14,1
DA:16,1
DA:22,1
LF:10
LH:10
BRDA:13,0,0,1
BRDA:13,0,1,1
BRF:2
BRH:2
end_of_record
TN:
SF:D:\lax\git\jest_basics\callback\callback.js
FN:3,(anonymous_0)
FNF:1
FNH:1
FNDA:1,(anonymous_0)
DA:1,1
DA:4,1
DA:10,1
LF:3
LH:3
BRF:0
BRH:0
end_of_record
TN:
SF:D:\lax\git\jest_basics\function_mock\mock_function.js
FN:9,(anonymous_0)
FN:15,(anonymous_1)
FN:25,(anonymous_2)
FN:28,(anonymous_3)
FN:31,(anonymous_4)
FNF:5
FNH:3
FNDA:1,(anonymous_0)
FNDA:1,(anonymous_1)
FNDA:0,(anonymous_2)
FNDA:0,(anonymous_3)
FNDA:1,(anonymous_4)
DA:8,1
DA:10,1
DA:11,2
DA:17,1
DA:19,1
DA:20,0
DA:22,1
DA:26,0
DA:29,0
DA:32,1
DA:36,1
LF:11
LH:8
BRDA:19,0,0,0
BRDA:19,0,1,1
BRF:2
BRH:1
end_of_record
TN:
SF:D:\lax\git\jest_basics\module_mocking\mainModule.js
FN:4,(anonymous_0)
FNF:1
FNH:1
FNDA:2,(anonymous_0)
DA:1,1
DA:3,1
DA:5,2
DA:6,2
DA:7,1
DA:9,1
DA:14,1
LF:7
LH:7
BRDA:6,0,0,1
BRDA:6,0,1,1
BRF:2
BRH:2
end_of_record
TN:
SF:D:\lax\git\jest_basics\module_mocking\module1.js
FN:4,(anonymous_0)
FNF:1
FNH:0
FNDA:0,(anonymous_0)
DA:2,1
DA:5,0
DA:6,0
DA:10,1
LF:4
LH:2
BRF:0
BRH:0
end_of_record
TN:
SF:D:\lax\git\jest_basics\promises\promise.js
FN:3,(anonymous_0)
FN:4,(anonymous_1)
FNF:2
FNH:2
FNDA:4,(anonymous_0)
FNDA:4,(anonymous_1)
DA:1,1
DA:4,4
DA:5,4
DA:6,2
DA:8,2
DA:13,1
LF:6
LH:6
BRDA:5,0,0,2
BRDA:5,0,1,2
BRF:2
BRH:2
end_of_record
TN:
SF:D:\lax\git\jest_basics\timmer\timmer.js
FN:3,(anonymous_0)
FN:5,(anonymous_1)
FNF:2
FNH:2
FNDA:2,(anonymous_0)
FNDA:2,(anonymous_1)
DA:2,1
DA:4,2
DA:5,2
DA:6,2
DA:7,2
DA:12,1
LF:6
LH:6
BRDA:7,0,0,2
BRDA:7,0,1,1
BRF:2
BRH:2
end_of_record
